[0.252s] Invoking command in '/home/rahmat/ros2_ws/src/my_bot/build/my_bot': CMAKE_PREFIX_PATH=${CMAKE_PREFIX_PATH}:/opt/ros/foxy CONDA_PROMPT_MODIFIER=(base) /usr/bin/cmake /home/rahmat/ros2_ws/src/my_bot -DAMENT_CMAKE_SYMLINK_INSTALL=1 -DCMAKE_INSTALL_PREFIX=/home/rahmat/ros2_ws/src/my_bot/install/my_bot
[0.310s] -- The C compiler identification is GNU 9.4.0
[0.360s] -- The CXX compiler identification is GNU 9.4.0
[0.365s] -- Check for working C compiler: /usr/bin/cc
[0.441s] -- Check for working C compiler: /usr/bin/cc -- works
[0.442s] -- Detecting C compiler ABI info
[0.512s] -- Detecting C compiler ABI info - done
[0.521s] -- Detecting C compile features
[0.521s] -- Detecting C compile features - done
[0.522s] -- Check for working CXX compiler: /usr/bin/c++
[0.599s] -- Check for working CXX compiler: /usr/bin/c++ -- works
[0.601s] -- Detecting CXX compiler ABI info
[0.671s] -- Detecting CXX compiler ABI info - done
[0.683s] -- Detecting CXX compile features
[0.683s] -- Detecting CXX compile features - done
[0.685s] -- Found ament_cmake: 0.9.12 (/opt/ros/foxy/share/ament_cmake/cmake)
[0.707s] -- Found PythonInterp: /home/rahmat/miniconda3/bin/python3 (found suitable version "3.8.16", minimum required is "3") 
[0.707s] -- Using PYTHON_EXECUTABLE: /home/rahmat/miniconda3/bin/python3
[0.817s] -- Override CMake install command with custom implementation using symlinks instead of copying resources
[0.838s] -- Found ament_lint_auto: 0.9.8 (/opt/ros/foxy/share/ament_lint_auto/cmake)
[0.905s] -- Added test 'copyright' to check source files copyright and LICENSE
[0.909s] -- Added test 'cppcheck' to perform static code analysis on C / C++ code
[0.910s] -- Configured cppcheck include dirs: 
[0.910s] -- Configured cppcheck exclude dirs and/or files: 
[0.914s] -- Added test 'cpplint' to check C / C++ code against the Google style
[0.914s] -- Configured cpplint exclude dirs and/or files: 
[0.914s] -- Added test 'flake8' to check Python code syntax and style conventions
[0.915s] -- Added test 'lint_cmake' to check CMake code style
[0.916s] -- Added test 'pep257' to check Python code against some of the style conventions in PEP 257
[0.920s] -- Added test 'uncrustify' to check C / C++ code style
[0.921s] -- Configured uncrustify additional arguments: 
[0.921s] -- Added test 'xmllint' to check XML markup files
[0.923s] -- Configuring done
[0.924s] -- Generating done
[0.924s] -- Build files have been written to: /home/rahmat/ros2_ws/src/my_bot/build/my_bot
[0.928s] Invoked command in '/home/rahmat/ros2_ws/src/my_bot/build/my_bot' returned '0': CMAKE_PREFIX_PATH=${CMAKE_PREFIX_PATH}:/opt/ros/foxy CONDA_PROMPT_MODIFIER=(base) /usr/bin/cmake /home/rahmat/ros2_ws/src/my_bot -DAMENT_CMAKE_SYMLINK_INSTALL=1 -DCMAKE_INSTALL_PREFIX=/home/rahmat/ros2_ws/src/my_bot/install/my_bot
[0.932s] Invoking command in '/home/rahmat/ros2_ws/src/my_bot/build/my_bot': CMAKE_PREFIX_PATH=${CMAKE_PREFIX_PATH}:/opt/ros/foxy CONDA_PROMPT_MODIFIER=(base) /usr/bin/cmake --build /home/rahmat/ros2_ws/src/my_bot/build/my_bot -- -j16 -l16
[0.971s] Invoked command in '/home/rahmat/ros2_ws/src/my_bot/build/my_bot' returned '0': CMAKE_PREFIX_PATH=${CMAKE_PREFIX_PATH}:/opt/ros/foxy CONDA_PROMPT_MODIFIER=(base) /usr/bin/cmake --build /home/rahmat/ros2_ws/src/my_bot/build/my_bot -- -j16 -l16
[1.009s] Invoking command in '/home/rahmat/ros2_ws/src/my_bot/build/my_bot': CMAKE_PREFIX_PATH=${CMAKE_PREFIX_PATH}:/opt/ros/foxy CONDA_PROMPT_MODIFIER=(base) /usr/bin/cmake --install /home/rahmat/ros2_ws/src/my_bot/build/my_bot
[1.013s] -- Install configuration: ""
[1.014s] -- Execute custom install script
[1.014s] -- Symlinking: /home/rahmat/ros2_ws/src/my_bot/install/my_bot/share/my_bot/config/empty.yaml
[1.025s] -- Symlinking: /home/rahmat/ros2_ws/src/my_bot/install/my_bot/share/my_bot/config/view_bot.rviz
[1.038s] -- Symlinking: /home/rahmat/ros2_ws/src/my_bot/install/my_bot/share/my_bot/description/inertial_macros.xacro
[1.044s] -- Symlinking: /home/rahmat/ros2_ws/src/my_bot/install/my_bot/share/my_bot/description/robot.urdf.xacro
[1.054s] -- Symlinking: /home/rahmat/ros2_ws/src/my_bot/install/my_bot/share/my_bot/description/robot_core.xacro
[1.060s] -- Symlinking: /home/rahmat/ros2_ws/src/my_bot/install/my_bot/share/my_bot/launch/launch_sim.launch.py
[1.066s] -- Symlinking: /home/rahmat/ros2_ws/src/my_bot/install/my_bot/share/my_bot/launch/rsp.launch.py
[1.071s] -- Symlinking: /home/rahmat/ros2_ws/src/my_bot/install/my_bot/share/my_bot/worlds/empty.world
[1.083s] -- Symlinking: /home/rahmat/ros2_ws/src/my_bot/install/my_bot/share/ament_index/resource_index/package_run_dependencies/my_bot
[1.093s] -- Symlinking: /home/rahmat/ros2_ws/src/my_bot/install/my_bot/share/ament_index/resource_index/parent_prefix_path/my_bot
[1.099s] -- Symlinking: /home/rahmat/ros2_ws/src/my_bot/install/my_bot/share/my_bot/environment/ament_prefix_path.sh
[1.105s] -- Symlinking: /home/rahmat/ros2_ws/src/my_bot/install/my_bot/share/my_bot/environment/ament_prefix_path.dsv
[1.111s] -- Symlinking: /home/rahmat/ros2_ws/src/my_bot/install/my_bot/share/my_bot/environment/path.sh
[1.115s] -- Symlinking: /home/rahmat/ros2_ws/src/my_bot/install/my_bot/share/my_bot/environment/path.dsv
[1.128s] -- Symlinking: /home/rahmat/ros2_ws/src/my_bot/install/my_bot/share/my_bot/local_setup.bash
[1.134s] -- Symlinking: /home/rahmat/ros2_ws/src/my_bot/install/my_bot/share/my_bot/local_setup.sh
[1.146s] -- Symlinking: /home/rahmat/ros2_ws/src/my_bot/install/my_bot/share/my_bot/local_setup.zsh
[1.153s] -- Symlinking: /home/rahmat/ros2_ws/src/my_bot/install/my_bot/share/my_bot/local_setup.dsv
[1.163s] -- Symlinking: /home/rahmat/ros2_ws/src/my_bot/install/my_bot/share/my_bot/package.dsv
[1.175s] -- Symlinking: /home/rahmat/ros2_ws/src/my_bot/install/my_bot/share/ament_index/resource_index/packages/my_bot
[1.180s] -- Symlinking: /home/rahmat/ros2_ws/src/my_bot/install/my_bot/share/my_bot/cmake/my_botConfig.cmake
[1.186s] -- Symlinking: /home/rahmat/ros2_ws/src/my_bot/install/my_bot/share/my_bot/cmake/my_botConfig-version.cmake
[1.192s] -- Symlinking: /home/rahmat/ros2_ws/src/my_bot/install/my_bot/share/my_bot/package.xml
[1.202s] Invoked command in '/home/rahmat/ros2_ws/src/my_bot/build/my_bot' returned '0': CMAKE_PREFIX_PATH=${CMAKE_PREFIX_PATH}:/opt/ros/foxy CONDA_PROMPT_MODIFIER=(base) /usr/bin/cmake --install /home/rahmat/ros2_ws/src/my_bot/build/my_bot
