[3.196s] DEBUG:colcon:Command line arguments: ['/usr/bin/colcon', 'build', '--symlink-install']
[3.196s] DEBUG:colcon:Parsed command line arguments: Namespace(allow_overriding=[], ament_cmake_args=None, base_paths=['.'], build_base='build', catkin_cmake_args=None, catkin_skip_building_tests=False, cmake_args=None, cmake_clean_cache=False, cmake_clean_first=False, cmake_force_configure=False, cmake_target=None, cmake_target_skip_unavailable=False, continue_on_error=False, event_handlers=None, executor='parallel', ignore_user_meta=False, install_base='install', log_base=None, log_level=None, main=<bound method BuildVerb.main of <colcon_core.verb.build.BuildVerb object at 0x7f33e8a56a60>>, merge_install=False, metas=['./colcon.meta'], packages_above=None, packages_above_and_dependencies=None, packages_above_depth=None, packages_end=None, packages_ignore=None, packages_ignore_regex=None, packages_select=None, packages_select_build_failed=False, packages_select_by_dep=None, packages_select_regex=None, packages_select_test_failures=False, packages_skip=None, packages_skip_build_finished=False, packages_skip_by_dep=None, packages_skip_regex=None, packages_skip_test_passed=False, packages_skip_up_to=None, packages_start=None, packages_up_to=None, packages_up_to_regex=None, parallel_workers=16, paths=None, symlink_install=True, test_result_base=None, verb_extension=<colcon_core.verb.build.BuildVerb object at 0x7f33e8a56a60>, verb_name='build', verb_parser=<colcon_defaults.argument_parser.defaults.DefaultArgumentsDecorator object at 0x7f33e8a3fca0>)
[3.325s] Level 1:colcon.colcon_core.package_discovery:discover_packages(colcon_meta) check parameters
[3.325s] Level 1:colcon.colcon_core.package_discovery:discover_packages(recursive) check parameters
[3.325s] Level 1:colcon.colcon_core.package_discovery:discover_packages(ignore) check parameters
[3.325s] Level 1:colcon.colcon_core.package_discovery:discover_packages(path) check parameters
[3.325s] Level 1:colcon.colcon_core.package_discovery:discover_packages(colcon_meta) discover
[3.325s] Level 1:colcon.colcon_core.package_discovery:discover_packages(recursive) discover
[3.325s] INFO:colcon.colcon_core.package_discovery:Crawling recursively for packages in '/home/rahmat/ros2_ws/src/my_bot'
[3.325s] Level 1:colcon.colcon_core.package_identification:_identify(.) by extensions ['ignore', 'ignore_ament_install']
[3.325s] Level 1:colcon.colcon_core.package_identification:_identify(.) by extension 'ignore'
[3.325s] Level 1:colcon.colcon_core.package_identification:_identify(.) by extension 'ignore_ament_install'
[3.325s] Level 1:colcon.colcon_core.package_identification:_identify(.) by extensions ['colcon_pkg']
[3.325s] Level 1:colcon.colcon_core.package_identification:_identify(.) by extension 'colcon_pkg'
[3.325s] Level 1:colcon.colcon_core.package_identification:_identify(.) by extensions ['colcon_meta']
[3.325s] Level 1:colcon.colcon_core.package_identification:_identify(.) by extension 'colcon_meta'
[3.325s] Level 1:colcon.colcon_core.package_identification:_identify(.) by extensions ['ros']
[3.325s] Level 1:colcon.colcon_core.package_identification:_identify(.) by extension 'ros'
[3.333s] DEBUG:colcon.colcon_core.package_identification:Package '.' with type 'ros.ament_cmake' and name 'my_bot'
[3.333s] Level 1:colcon.colcon_core.package_discovery:discover_packages(recursive) using defaults
[3.333s] Level 1:colcon.colcon_core.package_discovery:discover_packages(ignore) discover
[3.333s] Level 1:colcon.colcon_core.package_discovery:discover_packages(ignore) using defaults
[3.333s] Level 1:colcon.colcon_core.package_discovery:discover_packages(path) discover
[3.333s] Level 1:colcon.colcon_core.package_discovery:discover_packages(path) using defaults
[3.638s] Level 1:colcon.colcon_core.package_discovery:discover_packages(prefix_path) check parameters
[3.638s] Level 1:colcon.colcon_core.package_discovery:discover_packages(prefix_path) discover
[3.754s] DEBUG:colcon.colcon_installed_package_information.package_discovery:Found 3 installed packages in /home/rahmat/ros2_ws/install
[3.815s] DEBUG:colcon.colcon_installed_package_information.package_discovery:Found 267 installed packages in /opt/ros/foxy
[3.816s] Level 1:colcon.colcon_core.package_discovery:discover_packages(prefix_path) using defaults
[3.985s] Level 5:colcon.colcon_core.verb:set package 'my_bot' build argument 'cmake_args' from command line to 'None'
[3.985s] Level 5:colcon.colcon_core.verb:set package 'my_bot' build argument 'cmake_target' from command line to 'None'
[3.985s] Level 5:colcon.colcon_core.verb:set package 'my_bot' build argument 'cmake_target_skip_unavailable' from command line to 'False'
[3.985s] Level 5:colcon.colcon_core.verb:set package 'my_bot' build argument 'cmake_clean_cache' from command line to 'False'
[3.985s] Level 5:colcon.colcon_core.verb:set package 'my_bot' build argument 'cmake_clean_first' from command line to 'False'
[3.985s] Level 5:colcon.colcon_core.verb:set package 'my_bot' build argument 'cmake_force_configure' from command line to 'False'
[3.985s] Level 5:colcon.colcon_core.verb:set package 'my_bot' build argument 'ament_cmake_args' from command line to 'None'
[3.985s] Level 5:colcon.colcon_core.verb:set package 'my_bot' build argument 'catkin_cmake_args' from command line to 'None'
[3.985s] Level 5:colcon.colcon_core.verb:set package 'my_bot' build argument 'catkin_skip_building_tests' from command line to 'False'
[3.985s] DEBUG:colcon.colcon_core.verb:Building package 'my_bot' with the following arguments: {'ament_cmake_args': None, 'build_base': '/home/rahmat/ros2_ws/src/my_bot/build/my_bot', 'catkin_cmake_args': None, 'catkin_skip_building_tests': False, 'cmake_args': None, 'cmake_clean_cache': False, 'cmake_clean_first': False, 'cmake_force_configure': False, 'cmake_target': None, 'cmake_target_skip_unavailable': False, 'install_base': '/home/rahmat/ros2_ws/src/my_bot/install/my_bot', 'merge_install': False, 'path': '/home/rahmat/ros2_ws/src/my_bot', 'symlink_install': True, 'test_result_base': None}
[4.042s] INFO:colcon.colcon_core.executor:Executing jobs using 'parallel' executor
[4.109s] DEBUG:colcon.colcon_parallel_executor.executor.parallel:run_until_complete
[4.109s] INFO:colcon.colcon_ros.task.ament_cmake.build:Building ROS package in '/home/rahmat/ros2_ws/src/my_bot' with build type 'ament_cmake'
[4.109s] INFO:colcon.colcon_cmake.task.cmake.build:Building CMake package in '/home/rahmat/ros2_ws/src/my_bot'
[4.170s] INFO:colcon.colcon_core.plugin_system:Skipping extension 'colcon_core.shell.bat': Not used on non-Windows systems
[4.171s] INFO:colcon.colcon_core.shell:Skip shell extension 'powershell' for command environment: Not usable outside of PowerShell
[4.171s] DEBUG:colcon.colcon_core.shell:Skip shell extension 'dsv' for command environment
[4.362s] DEBUG:colcon.colcon_core.event_handler.log_command:Invoking command in '/home/rahmat/ros2_ws/src/my_bot/build/my_bot': CMAKE_PREFIX_PATH=${CMAKE_PREFIX_PATH}:/opt/ros/foxy CONDA_PROMPT_MODIFIER=(base) /usr/bin/cmake /home/rahmat/ros2_ws/src/my_bot -DAMENT_CMAKE_SYMLINK_INSTALL=1 -DCMAKE_INSTALL_PREFIX=/home/rahmat/ros2_ws/src/my_bot/install/my_bot
[5.037s] DEBUG:colcon.colcon_core.event_handler.log_command:Invoked command in '/home/rahmat/ros2_ws/src/my_bot/build/my_bot' returned '0': CMAKE_PREFIX_PATH=${CMAKE_PREFIX_PATH}:/opt/ros/foxy CONDA_PROMPT_MODIFIER=(base) /usr/bin/cmake /home/rahmat/ros2_ws/src/my_bot -DAMENT_CMAKE_SYMLINK_INSTALL=1 -DCMAKE_INSTALL_PREFIX=/home/rahmat/ros2_ws/src/my_bot/install/my_bot
[5.041s] DEBUG:colcon.colcon_core.event_handler.log_command:Invoking command in '/home/rahmat/ros2_ws/src/my_bot/build/my_bot': CMAKE_PREFIX_PATH=${CMAKE_PREFIX_PATH}:/opt/ros/foxy CONDA_PROMPT_MODIFIER=(base) /usr/bin/cmake --build /home/rahmat/ros2_ws/src/my_bot/build/my_bot -- -j16 -l16
[5.080s] DEBUG:colcon.colcon_core.event_handler.log_command:Invoked command in '/home/rahmat/ros2_ws/src/my_bot/build/my_bot' returned '0': CMAKE_PREFIX_PATH=${CMAKE_PREFIX_PATH}:/opt/ros/foxy CONDA_PROMPT_MODIFIER=(base) /usr/bin/cmake --build /home/rahmat/ros2_ws/src/my_bot/build/my_bot -- -j16 -l16
[5.118s] DEBUG:colcon.colcon_core.event_handler.log_command:Invoking command in '/home/rahmat/ros2_ws/src/my_bot/build/my_bot': CMAKE_PREFIX_PATH=${CMAKE_PREFIX_PATH}:/opt/ros/foxy CONDA_PROMPT_MODIFIER=(base) /usr/bin/cmake --install /home/rahmat/ros2_ws/src/my_bot/build/my_bot
[5.310s] Level 1:colcon.colcon_core.environment:create_environment_scripts_only(my_bot)
[5.311s] DEBUG:colcon.colcon_core.event_handler.log_command:Invoked command in '/home/rahmat/ros2_ws/src/my_bot/build/my_bot' returned '0': CMAKE_PREFIX_PATH=${CMAKE_PREFIX_PATH}:/opt/ros/foxy CONDA_PROMPT_MODIFIER=(base) /usr/bin/cmake --install /home/rahmat/ros2_ws/src/my_bot/build/my_bot
[5.375s] Level 1:colcon.colcon_core.environment:checking '/home/rahmat/ros2_ws/src/my_bot/install/my_bot' for CMake module files
[5.375s] Level 1:colcon.colcon_core.environment:checking '/home/rahmat/ros2_ws/src/my_bot/install/my_bot' for CMake config files
[5.375s] Level 1:colcon.colcon_core.shell:create_environment_hook('my_bot', 'cmake_prefix_path')
[5.434s] INFO:colcon.colcon_core.shell:Creating environment hook '/home/rahmat/ros2_ws/src/my_bot/install/my_bot/share/my_bot/hook/cmake_prefix_path.ps1'
[5.435s] INFO:colcon.colcon_core.shell:Creating environment descriptor '/home/rahmat/ros2_ws/src/my_bot/install/my_bot/share/my_bot/hook/cmake_prefix_path.dsv'
[5.435s] INFO:colcon.colcon_core.shell:Creating environment hook '/home/rahmat/ros2_ws/src/my_bot/install/my_bot/share/my_bot/hook/cmake_prefix_path.sh'
[5.435s] Level 1:colcon.colcon_core.environment:checking '/home/rahmat/ros2_ws/src/my_bot/install/my_bot/bin'
[5.435s] Level 1:colcon.colcon_core.environment:checking '/home/rahmat/ros2_ws/src/my_bot/install/my_bot/lib/pkgconfig/my_bot.pc'
[5.436s] Level 1:colcon.colcon_core.environment:checking '/home/rahmat/ros2_ws/src/my_bot/install/my_bot/lib/python3.8/site-packages'
[5.436s] Level 1:colcon.colcon_core.environment:checking '/home/rahmat/ros2_ws/src/my_bot/install/my_bot/bin'
[5.498s] INFO:colcon.colcon_core.shell:Creating package script '/home/rahmat/ros2_ws/src/my_bot/install/my_bot/share/my_bot/package.ps1'
[5.499s] INFO:colcon.colcon_core.shell:Creating package descriptor '/home/rahmat/ros2_ws/src/my_bot/install/my_bot/share/my_bot/package.dsv'
[5.499s] INFO:colcon.colcon_core.shell:Creating package script '/home/rahmat/ros2_ws/src/my_bot/install/my_bot/share/my_bot/package.sh'
[5.500s] INFO:colcon.colcon_core.shell:Creating package script '/home/rahmat/ros2_ws/src/my_bot/install/my_bot/share/my_bot/package.bash'
[5.500s] INFO:colcon.colcon_core.shell:Creating package script '/home/rahmat/ros2_ws/src/my_bot/install/my_bot/share/my_bot/package.zsh'
[5.500s] Level 1:colcon.colcon_core.environment:create_file_with_runtime_dependencies(/home/rahmat/ros2_ws/src/my_bot/install/my_bot/share/colcon-core/packages/my_bot)
[5.582s] Level 1:colcon.colcon_core.environment:create_environment_scripts_only(my_bot)
[5.642s] Level 1:colcon.colcon_core.environment:checking '/home/rahmat/ros2_ws/src/my_bot/install/my_bot' for CMake module files
[5.642s] Level 1:colcon.colcon_core.environment:checking '/home/rahmat/ros2_ws/src/my_bot/install/my_bot' for CMake config files
[5.642s] Level 1:colcon.colcon_core.shell:create_environment_hook('my_bot', 'cmake_prefix_path')
[5.700s] INFO:colcon.colcon_core.shell:Creating environment hook '/home/rahmat/ros2_ws/src/my_bot/install/my_bot/share/my_bot/hook/cmake_prefix_path.ps1'
[5.701s] INFO:colcon.colcon_core.shell:Creating environment descriptor '/home/rahmat/ros2_ws/src/my_bot/install/my_bot/share/my_bot/hook/cmake_prefix_path.dsv'
[5.701s] INFO:colcon.colcon_core.shell:Creating environment hook '/home/rahmat/ros2_ws/src/my_bot/install/my_bot/share/my_bot/hook/cmake_prefix_path.sh'
[5.701s] Level 1:colcon.colcon_core.environment:checking '/home/rahmat/ros2_ws/src/my_bot/install/my_bot/bin'
[5.701s] Level 1:colcon.colcon_core.environment:checking '/home/rahmat/ros2_ws/src/my_bot/install/my_bot/lib/pkgconfig/my_bot.pc'
[5.701s] Level 1:colcon.colcon_core.environment:checking '/home/rahmat/ros2_ws/src/my_bot/install/my_bot/lib/python3.8/site-packages'
[5.702s] Level 1:colcon.colcon_core.environment:checking '/home/rahmat/ros2_ws/src/my_bot/install/my_bot/bin'
[5.760s] INFO:colcon.colcon_core.shell:Creating package script '/home/rahmat/ros2_ws/src/my_bot/install/my_bot/share/my_bot/package.ps1'
[5.760s] INFO:colcon.colcon_core.shell:Creating package descriptor '/home/rahmat/ros2_ws/src/my_bot/install/my_bot/share/my_bot/package.dsv'
[5.761s] INFO:colcon.colcon_core.shell:Creating package script '/home/rahmat/ros2_ws/src/my_bot/install/my_bot/share/my_bot/package.sh'
[5.761s] INFO:colcon.colcon_core.shell:Creating package script '/home/rahmat/ros2_ws/src/my_bot/install/my_bot/share/my_bot/package.bash'
[5.761s] INFO:colcon.colcon_core.shell:Creating package script '/home/rahmat/ros2_ws/src/my_bot/install/my_bot/share/my_bot/package.zsh'
[5.761s] Level 1:colcon.colcon_core.environment:create_file_with_runtime_dependencies(/home/rahmat/ros2_ws/src/my_bot/install/my_bot/share/colcon-core/packages/my_bot)
[5.761s] DEBUG:colcon.colcon_parallel_executor.executor.parallel:closing loop
[5.762s] DEBUG:colcon.colcon_parallel_executor.executor.parallel:loop closed
[5.762s] DEBUG:colcon.colcon_parallel_executor.executor.parallel:run_until_complete finished with '0'
[5.762s] DEBUG:colcon.colcon_core.event_reactor:joining thread
[5.831s] INFO:colcon.colcon_core.plugin_system:Skipping extension 'colcon_notification.desktop_notification.terminal_notifier': Not used on non-Darwin systems
[5.831s] INFO:colcon.colcon_core.plugin_system:Skipping extension 'colcon_notification.desktop_notification.win32': Not used on non-Windows systems
[5.831s] INFO:colcon.colcon_notification.desktop_notification:Sending desktop notification using 'notify2'
[5.843s] DEBUG:colcon.colcon_core.event_reactor:joined thread
[5.908s] INFO:colcon.colcon_core.shell:Creating prefix script '/home/rahmat/ros2_ws/src/my_bot/install/local_setup.ps1'
[5.908s] INFO:colcon.colcon_core.shell:Creating prefix util module '/home/rahmat/ros2_ws/src/my_bot/install/_local_setup_util_ps1.py'
[5.909s] INFO:colcon.colcon_core.shell:Creating prefix chain script '/home/rahmat/ros2_ws/src/my_bot/install/setup.ps1'
[5.969s] INFO:colcon.colcon_core.shell:Creating prefix script '/home/rahmat/ros2_ws/src/my_bot/install/local_setup.sh'
[5.969s] INFO:colcon.colcon_core.shell:Creating prefix util module '/home/rahmat/ros2_ws/src/my_bot/install/_local_setup_util_sh.py'
[5.969s] INFO:colcon.colcon_core.shell:Creating prefix chain script '/home/rahmat/ros2_ws/src/my_bot/install/setup.sh'
[6.029s] INFO:colcon.colcon_core.shell:Creating prefix script '/home/rahmat/ros2_ws/src/my_bot/install/local_setup.bash'
[6.029s] INFO:colcon.colcon_core.shell:Creating prefix chain script '/home/rahmat/ros2_ws/src/my_bot/install/setup.bash'
[6.088s] INFO:colcon.colcon_core.shell:Creating prefix script '/home/rahmat/ros2_ws/src/my_bot/install/local_setup.zsh'
[6.088s] INFO:colcon.colcon_core.shell:Creating prefix chain script '/home/rahmat/ros2_ws/src/my_bot/install/setup.zsh'
